C:\USERS\JESUS\DESKTOP\UNITY\GITHUBUNITY\P4PLUGIN\DEBUG\CHANGES.OBJ
C:\Users\jesus\Desktop\Unity\GitHUbUnity\P4Plugin\Debug\cl.command.1.tlog
C:\Users\jesus\Desktop\Unity\GitHUbUnity\P4Plugin\Debug\CL.read.1.tlog
C:\Users\jesus\Desktop\Unity\GitHUbUnity\P4Plugin\Debug\CL.write.1.tlog
C:\USERS\JESUS\DESKTOP\UNITY\GITHUBUNITY\P4PLUGIN\DEBUG\COMMAND.OBJ
C:\USERS\JESUS\DESKTOP\UNITY\GITHUBUNITY\P4PLUGIN\DEBUG\COMMANDLINE.OBJ
C:\USERS\JESUS\DESKTOP\UNITY\GITHUBUNITY\P4PLUGIN\DEBUG\FILESYSTEM.OBJ
C:\USERS\JESUS\DESKTOP\UNITY\GITHUBUNITY\P4PLUGIN\DEBUG\LOG.OBJ
C:\USERS\JESUS\DESKTOP\UNITY\GITHUBUNITY\P4PLUGIN\DEBUG\P4ADDCOMMAND.OBJ
C:\USERS\JESUS\DESKTOP\UNITY\GITHUBUNITY\P4PLUGIN\DEBUG\P4CHANGEDESCRIPTIONCOMMAND.OBJ
C:\USERS\JESUS\DESKTOP\UNITY\GITHUBUNITY\P4PLUGIN\DEBUG\P4CHANGEMOVECOMMAND.OBJ
C:\USERS\JESUS\DESKTOP\UNITY\GITHUBUNITY\P4PLUGIN\DEBUG\P4CHANGESCOMMAND.OBJ
C:\USERS\JESUS\DESKTOP\UNITY\GITHUBUNITY\P4PLUGIN\DEBUG\P4CHANGESTATUSCOMMAND.OBJ
C:\USERS\JESUS\DESKTOP\UNITY\GITHUBUNITY\P4PLUGIN\DEBUG\P4CHECKOUTCOMMAND.OBJ
C:\USERS\JESUS\DESKTOP\UNITY\GITHUBUNITY\P4PLUGIN\DEBUG\P4COMMAND.OBJ
C:\USERS\JESUS\DESKTOP\UNITY\GITHUBUNITY\P4PLUGIN\DEBUG\P4CONFIGCOMMAND.OBJ
C:\USERS\JESUS\DESKTOP\UNITY\GITHUBUNITY\P4PLUGIN\DEBUG\P4DELETECHANGESCOMMAND.OBJ
C:\USERS\JESUS\DESKTOP\UNITY\GITHUBUNITY\P4PLUGIN\DEBUG\P4DELETECOMMAND.OBJ
C:\USERS\JESUS\DESKTOP\UNITY\GITHUBUNITY\P4PLUGIN\DEBUG\P4EXITCOMMAND.OBJ
C:\USERS\JESUS\DESKTOP\UNITY\GITHUBUNITY\P4PLUGIN\DEBUG\P4FILESETBASECOMMAND.OBJ
C:\USERS\JESUS\DESKTOP\UNITY\GITHUBUNITY\P4PLUGIN\DEBUG\P4INCOMINGCHANGEASSETSCOMMAND.OBJ
C:\USERS\JESUS\DESKTOP\UNITY\GITHUBUNITY\P4PLUGIN\DEBUG\P4INCOMINGCOMMAND.OBJ
C:\USERS\JESUS\DESKTOP\UNITY\GITHUBUNITY\P4PLUGIN\DEBUG\P4LOCKCOMMAND.OBJ
C:\USERS\JESUS\DESKTOP\UNITY\GITHUBUNITY\P4PLUGIN\DEBUG\P4LOGINCOMMAND.OBJ
C:\USERS\JESUS\DESKTOP\UNITY\GITHUBUNITY\P4PLUGIN\DEBUG\P4MOVECOMMAND.OBJ
C:\Users\jesus\Desktop\Unity\GitHUbUnity\P4Plugin\Debug\P4Plugin.vcxprojResolveAssemblyReference.cache
C:\Users\jesus\Desktop\Unity\GitHUbUnity\P4Plugin\Debug\P4Plugin.write.1.tlog
C:\USERS\JESUS\DESKTOP\UNITY\GITHUBUNITY\P4PLUGIN\DEBUG\P4PLUGIN_WIN.OBJ
C:\USERS\JESUS\DESKTOP\UNITY\GITHUBUNITY\P4PLUGIN\DEBUG\P4QUERYCONFIGPARAMETERSCOMMAND.OBJ
C:\USERS\JESUS\DESKTOP\UNITY\GITHUBUNITY\P4PLUGIN\DEBUG\P4REVERTCHANGESCOMMAND.OBJ
C:\USERS\JESUS\DESKTOP\UNITY\GITHUBUNITY\P4PLUGIN\DEBUG\P4REVERTCOMMAND.OBJ
C:\USERS\JESUS\DESKTOP\UNITY\GITHUBUNITY\P4PLUGIN\DEBUG\P4SPECCOMMAND.OBJ
C:\USERS\JESUS\DESKTOP\UNITY\GITHUBUNITY\P4PLUGIN\DEBUG\P4STATUSBASECOMMAND.OBJ
C:\USERS\JESUS\DESKTOP\UNITY\GITHUBUNITY\P4PLUGIN\DEBUG\P4STATUSCOMMAND.OBJ
C:\USERS\JESUS\DESKTOP\UNITY\GITHUBUNITY\P4PLUGIN\DEBUG\P4SUBMITCOMMAND.OBJ
C:\USERS\JESUS\DESKTOP\UNITY\GITHUBUNITY\P4PLUGIN\DEBUG\P4TASK.OBJ
C:\USERS\JESUS\DESKTOP\UNITY\GITHUBUNITY\P4PLUGIN\DEBUG\P4UNLOCKCOMMAND.OBJ
C:\USERS\JESUS\DESKTOP\UNITY\GITHUBUNITY\P4PLUGIN\DEBUG\POPEN.OBJ
C:\USERS\JESUS\DESKTOP\UNITY\GITHUBUNITY\P4PLUGIN\DEBUG\STATUS.OBJ
C:\USERS\JESUS\DESKTOP\UNITY\GITHUBUNITY\P4PLUGIN\DEBUG\TASK.OBJ
C:\USERS\JESUS\DESKTOP\UNITY\GITHUBUNITY\P4PLUGIN\DEBUG\UNITYCONNECTION.OBJ
C:\USERS\JESUS\DESKTOP\UNITY\GITHUBUNITY\P4PLUGIN\DEBUG\UTILITY.OBJ
C:\Users\jesus\Desktop\Unity\GitHUbUnity\P4Plugin\Debug\vc100.idb
C:\USERS\JESUS\DESKTOP\UNITY\GITHUBUNITY\P4PLUGIN\DEBUG\VC100.PDB
